<?xml version="1.0" encoding="UTF-8"?>
<!-- Generated by org.testng.reporters.JUnitReportReporter -->
<testsuite skipped="0" hostname="DAVUTs-MacBook-Pro.local" name="practice.PropertyFileReading" tests="1" failures="0" timestamp="2020-01-19T14:57:33 EST" time="0.007" errors="0">
  <testcase name="read" time="0.007" classname="practice.PropertyFileReading"/>
</testsuite> <!-- practice.PropertyFileReading -->
