<?xml version="1.0" encoding="UTF-8"?>
<!-- Generated by org.testng.reporters.JUnitReportReporter -->
<testsuite skipped="0" hostname="DAVUTs-MBP.fios-router.home" name="com.hrms.testcases.LoginPageTest" tests="1" failures="0" timestamp="2020-01-25T23:25:56 EST" time="7.271" errors="0">
  <testcase name="negativeLogin" time="7.271" classname="com.hrms.testcases.LoginPageTest"/>
</testsuite> <!-- com.hrms.testcases.LoginPageTest -->
